<?xml version="1.0" ?>
<!DOCTYPE coverage SYSTEM "http://cobertura.sourceforge.net/xml/coverage-04.dtd">
<coverage lines-valid="1201" lines-covered="1201" line-rate="1" branches-valid="503" branches-covered="503" branch-rate="1" timestamp="1628684713475" complexity="0" version="0.1">
  <sources>
    <source>/home/vsts/work/1/s/libraries/fabric-shim</source>
  </sources>
  <packages>
    <package name="fabric-shim" line-rate="1" branch-rate="1">
      <classes>
        <class name="cli.js" filename="cli.js" line-rate="1" branch-rate="1">
          <methods>
            <method name="(anonymous_0)" hits="1" signature="()V">
              <lines>
                <line number="20" hits="1"/>
              </lines>
            </method>
            <method name="(anonymous_1)" hits="1" signature="()V">
              <lines>
                <line number="21" hits="1"/>
              </lines>
            </method>
          </methods>
          <lines>
            <line number="2" hits="3" branch="false"/>
            <line number="3" hits="3" branch="false"/>
            <line number="5" hits="3" branch="false"/>
            <line number="7" hits="3" branch="false"/>
            <line number="19" hits="3" branch="true" condition-coverage="100% (2/2)"/>
            <line number="20" hits="2" branch="false"/>
            <line number="22" hits="1" branch="false"/>
            <line number="23" hits="1" branch="false"/>
            <line number="26" hits="1" branch="false"/>
          </lines>
        </class>
        <class name="index.js" filename="index.js" line-rate="1" branch-rate="1">
          <methods>
          </methods>
          <lines>
            <line number="7" hits="1" branch="false"/>
          </lines>
        </class>
      </classes>
    </package>
    <package name="fabric-shim.lib" line-rate="1" branch-rate="1">
      <classes>
        <class name="chaincode.js" filename="lib/chaincode.js" line-rate="1" branch-rate="1">
          <methods>
            <method name="(anonymous_0)" hits="1" signature="()V">
              <lines>
                <line number="48" hits="1"/>
              </lines>
            </method>
            <method name="(anonymous_1)" hits="1" signature="()V">
              <lines>
                <line number="58" hits="1"/>
              </lines>
            </method>
            <method name="(anonymous_2)" hits="11" signature="()V">
              <lines>
                <line number="77" hits="11"/>
              </lines>
            </method>
            <method name="(anonymous_3)" hits="4" signature="()V">
              <lines>
                <line number="157" hits="4"/>
              </lines>
            </method>
            <method name="(anonymous_4)" hits="1" signature="()V">
              <lines>
                <line number="178" hits="1"/>
              </lines>
            </method>
            <method name="(anonymous_5)" hits="2" signature="()V">
              <lines>
                <line number="191" hits="2"/>
              </lines>
            </method>
            <method name="(anonymous_6)" hits="1" signature="()V">
              <lines>
                <line number="217" hits="1"/>
              </lines>
            </method>
            <method name="(anonymous_7)" hits="10" signature="()V">
              <lines>
                <line number="248" hits="10"/>
              </lines>
            </method>
            <method name="formatDN" hits="18" signature="()V">
              <lines>
                <line number="262" hits="18"/>
              </lines>
            </method>
            <method name="(anonymous_9)" hits="84" signature="()V">
              <lines>
                <line number="263" hits="84"/>
              </lines>
            </method>
            <method name="(anonymous_10)" hits="44" signature="()V">
              <lines>
                <line number="269" hits="44"/>
              </lines>
            </method>
            <method name="(anonymous_11)" hits="2" signature="()V">
              <lines>
                <line number="284" hits="2"/>
              </lines>
            </method>
            <method name="(anonymous_12)" hits="2" signature="()V">
              <lines>
                <line number="292" hits="2"/>
              </lines>
            </method>
            <method name="(anonymous_13)" hits="1" signature="()V">
              <lines>
                <line number="304" hits="1"/>
              </lines>
            </method>
            <method name="(anonymous_14)" hits="5" signature="()V">
              <lines>
                <line number="317" hits="5"/>
              </lines>
            </method>
            <method name="(anonymous_15)" hits="3" signature="()V">
              <lines>
                <line number="335" hits="3"/>
              </lines>
            </method>
            <method name="parsePeerUrl" hits="15" signature="()V">
              <lines>
                <line number="347" hits="15"/>
              </lines>
            </method>
            <method name="isTLS" hits="17" signature="()V">
              <lines>
                <line number="372" hits="17"/>
              </lines>
            </method>
            <method name="normalizeX509" hits="10" signature="()V">
              <lines>
                <line number="382" hits="10"/>
              </lines>
            </method>
            <method name="(anonymous_19)" hits="27" signature="()V">
              <lines>
                <line number="393" hits="27"/>
              </lines>
            </method>
          </methods>
          <lines>
            <line number="9" hits="27" branch="false"/>
            <line number="10" hits="27" branch="false"/>
            <line number="11" hits="27" branch="false"/>
            <line number="12" hits="27" branch="false"/>
            <line number="14" hits="27" branch="false"/>
            <line number="16" hits="27" branch="false"/>
            <line number="17" hits="27" branch="false"/>
            <line number="18" hits="27" branch="false"/>
            <line number="19" hits="27" branch="false"/>
            <line number="20" hits="27" branch="false"/>
            <line number="21" hits="27" branch="false"/>
            <line number="22" hits="27" branch="false"/>
            <line number="24" hits="27" branch="false"/>
            <line number="26" hits="27" branch="false"/>
            <line number="78" hits="11" branch="false"/>
            <line number="80" hits="11" branch="true" condition-coverage="100% (4/4)"/>
            <line number="81" hits="3" branch="false"/>
            <line number="84" hits="8" branch="true" condition-coverage="100% (2/2)"/>
            <line number="85" hits="1" branch="false"/>
            <line number="88" hits="7" branch="true" condition-coverage="100% (2/2)"/>
            <line number="89" hits="1" branch="false"/>
            <line number="92" hits="6" branch="false"/>
            <line number="94" hits="6" branch="false"/>
            <line number="95" hits="6" branch="false"/>
            <line number="97" hits="6" branch="false"/>
            <line number="98" hits="15" branch="true" condition-coverage="100% (2/2)"/>
            <line number="100" hits="2" branch="false"/>
            <line number="103" hits="6" branch="false"/>
            <line number="104" hits="6" branch="false"/>
            <line number="106" hits="6" branch="false"/>
            <line number="107" hits="6" branch="true" condition-coverage="100% (2/2)"/>
            <line number="108" hits="4" branch="false"/>
            <line number="109" hits="4" branch="false"/>
            <line number="112" hits="4" branch="false"/>
            <line number="113" hits="4" branch="false"/>
            <line number="114" hits="4" branch="true" condition-coverage="100% (4/4)"/>
            <line number="115" hits="2" branch="false"/>
            <line number="121" hits="2" branch="false"/>
            <line number="122" hits="2" branch="false"/>
            <line number="125" hits="4" branch="false"/>
            <line number="126" hits="4" branch="false"/>
            <line number="127" hits="4" branch="false"/>
            <line number="131" hits="4" branch="false"/>
            <line number="133" hits="4" branch="false"/>
            <line number="140" hits="4" branch="false"/>
            <line number="158" hits="4" branch="false"/>
            <line number="179" hits="1" branch="false"/>
            <line number="192" hits="2" branch="true" condition-coverage="100% (2/2)"/>
            <line number="193" hits="1" branch="false"/>
            <line number="196" hits="2" branch="false"/>
            <line number="218" hits="1" branch="false"/>
            <line number="223" hits="27" branch="false"/>
            <line number="249" hits="10" branch="false"/>
            <line number="251" hits="10" branch="false"/>
            <line number="252" hits="10" branch="false"/>
            <line number="253" hits="10" branch="false"/>
            <line number="255" hits="10" branch="false"/>
            <line number="257" hits="10" branch="false"/>
            <line number="258" hits="10" branch="false"/>
            <line number="261" hits="9" branch="false"/>
            <line number="263" hits="18" branch="false"/>
            <line number="264" hits="84" branch="false"/>
            <line number="265" hits="84" branch="false"/>
            <line number="268" hits="9" branch="false"/>
            <line number="269" hits="44" branch="false"/>
            <line number="270" hits="9" branch="false"/>
            <line number="271" hits="9" branch="true" condition-coverage="100% (2/2)"/>
            <line number="272" hits="2" branch="false"/>
            <line number="273" hits="2" branch="false"/>
            <line number="274" hits="2" branch="false"/>
            <line number="276" hits="9" branch="false"/>
            <line number="285" hits="2" branch="false"/>
            <line number="293" hits="2" branch="false"/>
            <line number="305" hits="1" branch="false"/>
            <line number="318" hits="5" branch="false"/>
            <line number="319" hits="5" branch="true" condition-coverage="100% (2/2)"/>
            <line number="320" hits="3" branch="false"/>
            <line number="322" hits="2" branch="false"/>
            <line number="336" hits="3" branch="false"/>
            <line number="337" hits="3" branch="true" condition-coverage="100% (2/2)"/>
            <line number="338" hits="1" branch="false"/>
            <line number="339" hits="2" branch="true" condition-coverage="100% (2/2)"/>
            <line number="340" hits="1" branch="false"/>
            <line number="342" hits="1" branch="false"/>
            <line number="348" hits="15" branch="true" condition-coverage="100% (4/4)"/>
            <line number="349" hits="1" branch="false"/>
            <line number="350" hits="1" branch="false"/>
            <line number="351" hits="1" branch="false"/>
            <line number="353" hits="14" branch="true" condition-coverage="100% (4/4)"/>
            <line number="354" hits="1" branch="false"/>
            <line number="355" hits="1" branch="false"/>
            <line number="356" hits="1" branch="false"/>
            <line number="359" hits="13" branch="true" condition-coverage="100% (4/4)"/>
            <line number="360" hits="11" branch="true" condition-coverage="100% (2/2)"/>
            <line number="361" hits="6" branch="false"/>
            <line number="363" hits="5" branch="false"/>
            <line number="368" hits="13" branch="false"/>
            <line number="369" hits="13" branch="false"/>
            <line number="373" hits="17" branch="false"/>
            <line number="374" hits="17" branch="true" condition-coverage="100% (2/2)"/>
            <line number="383" hits="10" branch="false"/>
            <line number="384" hits="10" branch="false"/>
            <line number="385" hits="10" branch="false"/>
            <line number="386" hits="10" branch="true" condition-coverage="100% (4/4)"/>
            <line number="387" hits="1" branch="false"/>
            <line number="391" hits="9" branch="false"/>
            <line number="393" hits="9" branch="false"/>
            <line number="394" hits="27" branch="false"/>
            <line number="399" hits="9" branch="false"/>
            <line number="402" hits="27" branch="false"/>
            <line number="404" hits="27" branch="false"/>
            <line number="405" hits="27" branch="false"/>
            <line number="409" hits="27" branch="false"/>
            <line number="410" hits="27" branch="false"/>
            <line number="411" hits="27" branch="false"/>
            <line number="412" hits="27" branch="false"/>
            <line number="413" hits="27" branch="false"/>
            <line number="414" hits="27" branch="false"/>
            <line number="415" hits="27" branch="false"/>
          </lines>
        </class>
        <class name="handler.js" filename="lib/handler.js" line-rate="1" branch-rate="1">
          <methods>
            <method name="(anonymous_0)" hits="7" signature="()V">
              <lines>
                <line number="64" hits="7"/>
              </lines>
            </method>
            <method name="(anonymous_1)" hits="1" signature="()V">
              <lines>
                <line number="71" hits="1"/>
              </lines>
            </method>
            <method name="(anonymous_2)" hits="1" signature="()V">
              <lines>
                <line number="75" hits="1"/>
              </lines>
            </method>
            <method name="(anonymous_3)" hits="1" signature="()V">
              <lines>
                <line number="79" hits="1"/>
              </lines>
            </method>
            <method name="(anonymous_4)" hits="2" signature="()V">
              <lines>
                <line number="83" hits="2"/>
              </lines>
            </method>
            <method name="(anonymous_5)" hits="1" signature="()V">
              <lines>
                <line number="87" hits="1"/>
              </lines>
            </method>
            <method name="(anonymous_6)" hits="19" signature="()V">
              <lines>
                <line number="101" hits="19"/>
              </lines>
            </method>
            <method name="(anonymous_7)" hits="3" signature="()V">
              <lines>
                <line number="113" hits="3"/>
              </lines>
            </method>
            <method name="(anonymous_8)" hits="3" signature="()V">
              <lines>
                <line number="135" hits="3"/>
              </lines>
            </method>
            <method name="(anonymous_9)" hits="3" signature="()V">
              <lines>
                <line number="158" hits="3"/>
              </lines>
            </method>
            <method name="(anonymous_10)" hits="3" signature="()V">
              <lines>
                <line number="177" hits="3"/>
              </lines>
            </method>
            <method name="(anonymous_11)" hits="3" signature="()V">
              <lines>
                <line number="194" hits="3"/>
              </lines>
            </method>
            <method name="(anonymous_12)" hits="19" signature="()V">
              <lines>
                <line number="227" hits="19"/>
              </lines>
            </method>
            <method name="(anonymous_13)" hits="1" signature="()V">
              <lines>
                <line number="268" hits="1"/>
              </lines>
            </method>
            <method name="(anonymous_14)" hits="1" signature="()V">
              <lines>
                <line number="272" hits="1"/>
              </lines>
            </method>
            <method name="(anonymous_15)" hits="1" signature="()V">
              <lines>
                <line number="282" hits="1"/>
              </lines>
            </method>
            <method name="(anonymous_16)" hits="58" signature="()V">
              <lines>
                <line number="294" hits="58"/>
              </lines>
            </method>
            <method name="(anonymous_17)" hits="13" signature="()V">
              <lines>
                <line number="302" hits="13"/>
              </lines>
            </method>
            <method name="(anonymous_18)" hits="24" signature="()V">
              <lines>
                <line number="312" hits="24"/>
              </lines>
            </method>
            <method name="(anonymous_19)" hits="1" signature="()V">
              <lines>
                <line number="370" hits="1"/>
              </lines>
            </method>
            <method name="(anonymous_20)" hits="2" signature="()V">
              <lines>
                <line number="375" hits="2"/>
              </lines>
            </method>
            <method name="(anonymous_21)" hits="1" signature="()V">
              <lines>
                <line number="385" hits="1"/>
              </lines>
            </method>
            <method name="(anonymous_22)" hits="1" signature="()V">
              <lines>
                <line number="389" hits="1"/>
              </lines>
            </method>
            <method name="(anonymous_23)" hits="2" signature="()V">
              <lines>
                <line number="393" hits="2"/>
              </lines>
            </method>
            <method name="(anonymous_24)" hits="2" signature="()V">
              <lines>
                <line number="404" hits="2"/>
              </lines>
            </method>
            <method name="(anonymous_25)" hits="2" signature="()V">
              <lines>
                <line number="414" hits="2"/>
              </lines>
            </method>
            <method name="(anonymous_26)" hits="2" signature="()V">
              <lines>
                <line number="424" hits="2"/>
              </lines>
            </method>
            <method name="(anonymous_27)" hits="2" signature="()V">
              <lines>
                <line number="441" hits="2"/>
              </lines>
            </method>
            <method name="(anonymous_28)" hits="2" signature="()V">
              <lines>
                <line number="451" hits="2"/>
              </lines>
            </method>
            <method name="(anonymous_29)" hits="3" signature="()V">
              <lines>
                <line number="461" hits="3"/>
              </lines>
            </method>
            <method name="(anonymous_30)" hits="2" signature="()V">
              <lines>
                <line number="471" hits="2"/>
              </lines>
            </method>
            <method name="(anonymous_31)" hits="2" signature="()V">
              <lines>
                <line number="481" hits="2"/>
              </lines>
            </method>
            <method name="(anonymous_32)" hits="3" signature="()V">
              <lines>
                <line number="491" hits="3"/>
              </lines>
            </method>
            <method name="(anonymous_33)" hits="2" signature="()V">
              <lines>
                <line number="501" hits="2"/>
              </lines>
            </method>
            <method name="(anonymous_34)" hits="4" signature="()V">
              <lines>
                <line number="511" hits="4"/>
              </lines>
            </method>
            <method name="(anonymous_35)" hits="12" signature="()V">
              <lines>
                <line number="512" hits="12"/>
              </lines>
            </method>
            <method name="(anonymous_36)" hits="1" signature="()V">
              <lines>
                <line number="550" hits="1"/>
              </lines>
            </method>
            <method name="(anonymous_37)" hits="1" signature="()V">
              <lines>
                <line number="551" hits="1"/>
              </lines>
            </method>
            <method name="(anonymous_38)" hits="1" signature="()V">
              <lines>
                <line number="560" hits="1"/>
              </lines>
            </method>
            <method name="handleMessage" hits="8" signature="()V">
              <lines>
                <line number="565" hits="8"/>
              </lines>
            </method>
            <method name="createStub" hits="1" signature="()V">
              <lines>
                <line number="664" hits="1"/>
              </lines>
            </method>
            <method name="newErrorMsg" hits="1" signature="()V">
              <lines>
                <line number="668" hits="1"/>
              </lines>
            </method>
            <method name="handleGetQueryResult" hits="3" signature="()V">
              <lines>
                <line number="680" hits="3"/>
              </lines>
            </method>
            <method name="handleGetStateMetadata" hits="1" signature="()V">
              <lines>
                <line number="696" hits="1"/>
              </lines>
            </method>
            <method name="(anonymous_44)" hits="1" signature="()V">
              <lines>
                <line number="704" hits="1"/>
              </lines>
            </method>
            <method name="parseResponse" hits="13" signature="()V">
              <lines>
                <line number="712" hits="13"/>
              </lines>
            </method>
            <method name="(anonymous_46)" hits="16" signature="()V">
              <lines>
                <line number="757" hits="16"/>
              </lines>
            </method>
          </methods>
          <lines>
            <line number="9" hits="44" branch="false"/>
            <line number="11" hits="44" branch="false"/>
            <line number="12" hits="44" branch="false"/>
            <line number="13" hits="44" branch="false"/>
            <line number="14" hits="44" branch="false"/>
            <line number="15" hits="44" branch="false"/>
            <line number="16" hits="44" branch="false"/>
            <line number="17" hits="44" branch="false"/>
            <line number="18" hits="44" branch="false"/>
            <line number="20" hits="44" branch="false"/>
            <line number="21" hits="44" branch="false"/>
            <line number="23" hits="44" branch="false"/>
            <line number="25" hits="44" branch="false"/>
            <line number="32" hits="44" branch="false"/>
            <line number="42" hits="44" branch="false"/>
            <line number="43" hits="44" branch="false"/>
            <line number="57" hits="44" branch="false"/>
            <line number="65" hits="7" branch="false"/>
            <line number="66" hits="7" branch="false"/>
            <line number="67" hits="7" branch="false"/>
            <line number="68" hits="7" branch="false"/>
            <line number="72" hits="1" branch="false"/>
            <line number="76" hits="1" branch="false"/>
            <line number="80" hits="1" branch="false"/>
            <line number="84" hits="2" branch="false"/>
            <line number="88" hits="1" branch="false"/>
            <line number="102" hits="19" branch="false"/>
            <line number="103" hits="19" branch="false"/>
            <line number="104" hits="19" branch="false"/>
            <line number="114" hits="3" branch="false"/>
            <line number="115" hits="3" branch="false"/>
            <line number="116" hits="3" branch="true" condition-coverage="100% (2/2)"/>
            <line number="117" hits="1" branch="false"/>
            <line number="120" hits="3" branch="false"/>
            <line number="121" hits="3" branch="true" condition-coverage="100% (2/2)"/>
            <line number="122" hits="2" branch="false"/>
            <line number="136" hits="3" branch="false"/>
            <line number="137" hits="3" branch="false"/>
            <line number="138" hits="3" branch="false"/>
            <line number="139" hits="3" branch="false"/>
            <line number="140" hits="3" branch="true" condition-coverage="100% (2/2)"/>
            <line number="141" hits="2" branch="false"/>
            <line number="142" hits="2" branch="false"/>
            <line number="143" hits="1" branch="false"/>
            <line number="145" hits="1" branch="false"/>
            <line number="147" hits="2" branch="false"/>
            <line number="159" hits="3" branch="false"/>
            <line number="160" hits="3" branch="true" condition-coverage="100% (2/2)"/>
            <line number="161" hits="2" branch="false"/>
            <line number="163" hits="1" branch="false"/>
            <line number="164" hits="1" branch="false"/>
            <line number="178" hits="3" branch="false"/>
            <line number="179" hits="3" branch="true" condition-coverage="100% (4/4)"/>
            <line number="180" hits="2" branch="false"/>
            <line number="181" hits="2" branch="true" condition-coverage="100% (2/2)"/>
            <line number="182" hits="1" branch="false"/>
            <line number="184" hits="1" branch="false"/>
            <line number="195" hits="3" branch="false"/>
            <line number="196" hits="3" branch="true" condition-coverage="100% (2/2)"/>
            <line number="197" hits="2" branch="false"/>
            <line number="198" hits="2" branch="false"/>
            <line number="200" hits="1" branch="false"/>
            <line number="228" hits="19" branch="true" condition-coverage="100% (2/2)"/>
            <line number="229" hits="1" branch="false"/>
            <line number="232" hits="18" branch="true" condition-coverage="100% (2/2)"/>
            <line number="233" hits="1" branch="false"/>
            <line number="236" hits="17" branch="true" condition-coverage="100% (2/2)"/>
            <line number="237" hits="1" branch="false"/>
            <line number="240" hits="16" branch="false"/>
            <line number="243" hits="16" branch="false"/>
            <line number="244" hits="16" branch="true" condition-coverage="100% (5/5)"/>
            <line number="245" hits="1" branch="false"/>
            <line number="246" hits="1" branch="false"/>
            <line number="249" hits="16" branch="true" condition-coverage="100% (2/2)"/>
            <line number="250" hits="23" branch="true" condition-coverage="100% (4/4)"/>
            <line number="251" hits="17" branch="false"/>
            <line number="256" hits="16" branch="false"/>
            <line number="257" hits="16" branch="false"/>
            <line number="260" hits="11" branch="false"/>
            <line number="261" hits="11" branch="true" condition-coverage="100% (4/4)"/>
            <line number="262" hits="1" branch="false"/>
            <line number="265" hits="11" branch="false"/>
            <line number="269" hits="1" branch="false"/>
            <line number="273" hits="1" branch="false"/>
            <line number="275" hits="1" branch="false"/>
            <line number="276" hits="1" branch="false"/>
            <line number="283" hits="1" branch="false"/>
            <line number="295" hits="58" branch="false"/>
            <line number="296" hits="58" branch="false"/>
            <line number="303" hits="13" branch="false"/>
            <line number="305" hits="13" branch="false"/>
            <line number="306" hits="13" branch="false"/>
            <line number="310" hits="13" branch="false"/>
            <line number="312" hits="13" branch="false"/>
            <line number="313" hits="24" branch="false"/>
            <line number="315" hits="24" branch="true" condition-coverage="100% (2/2)"/>
            <line number="316" hits="7" branch="false"/>
            <line number="318" hits="7" branch="true" condition-coverage="100% (4/4)"/>
            <line number="320" hits="5" branch="false"/>
            <line number="322" hits="5" branch="true" condition-coverage="100% (4/4)"/>
            <line number="323" hits="2" branch="false"/>
            <line number="324" hits="2" branch="false"/>
            <line number="325" hits="3" branch="true" condition-coverage="100% (2/2)"/>
            <line number="326" hits="1" branch="false"/>
            <line number="327" hits="1" branch="false"/>
            <line number="328" hits="2" branch="true" condition-coverage="100% (2/2)"/>
            <line number="329" hits="1" branch="false"/>
            <line number="330" hits="1" branch="false"/>
            <line number="332" hits="1" branch="false"/>
            <line number="334" hits="1" branch="false"/>
            <line number="339" hits="24" branch="true" condition-coverage="100% (2/2)"/>
            <line number="340" hits="8" branch="true" condition-coverage="100% (2/2)"/>
            <line number="341" hits="7" branch="false"/>
            <line number="342" hits="7" branch="false"/>
            <line number="347" hits="1" branch="false"/>
            <line number="349" hits="1" branch="false"/>
            <line number="350" hits="1" branch="false"/>
            <line number="354" hits="24" branch="true" condition-coverage="100% (2/2)"/>
            <line number="355" hits="9" branch="true" condition-coverage="100% (2/2)"/>
            <line number="356" hits="8" branch="false"/>
            <line number="357" hits="8" branch="false"/>
            <line number="362" hits="1" branch="false"/>
            <line number="364" hits="1" branch="false"/>
            <line number="365" hits="1" branch="false"/>
            <line number="370" hits="13" branch="false"/>
            <line number="371" hits="1" branch="false"/>
            <line number="372" hits="1" branch="false"/>
            <line number="375" hits="13" branch="false"/>
            <line number="376" hits="2" branch="true" condition-coverage="100% (2/2)"/>
            <line number="377" hits="2" branch="false"/>
            <line number="381" hits="13" branch="false"/>
            <line number="382" hits="13" branch="false"/>
            <line number="386" hits="1" branch="false"/>
            <line number="390" hits="1" branch="false"/>
            <line number="394" hits="2" branch="false"/>
            <line number="400" hits="2" branch="false"/>
            <line number="401" hits="2" branch="false"/>
            <line number="405" hits="2" branch="false"/>
            <line number="411" hits="2" branch="false"/>
            <line number="415" hits="2" branch="false"/>
            <line number="421" hits="2" branch="false"/>
            <line number="425" hits="2" branch="false"/>
            <line number="438" hits="2" branch="false"/>
            <line number="442" hits="2" branch="false"/>
            <line number="448" hits="2" branch="false"/>
            <line number="452" hits="2" branch="false"/>
            <line number="458" hits="2" branch="false"/>
            <line number="462" hits="3" branch="false"/>
            <line number="468" hits="3" branch="false"/>
            <line number="472" hits="2" branch="false"/>
            <line number="478" hits="2" branch="false"/>
            <line number="482" hits="2" branch="false"/>
            <line number="488" hits="2" branch="false"/>
            <line number="492" hits="3" branch="false"/>
            <line number="498" hits="3" branch="false"/>
            <line number="502" hits="2" branch="false"/>
            <line number="508" hits="2" branch="false"/>
            <line number="512" hits="12" branch="false"/>
            <line number="513" hits="4" branch="false"/>
            <line number="527" hits="4" branch="false"/>
            <line number="530" hits="3" branch="true" condition-coverage="100% (2/2)"/>
            <line number="531" hits="1" branch="false"/>
            <line number="535" hits="2" branch="true" condition-coverage="100% (2/2)"/>
            <line number="536" hits="1" branch="false"/>
            <line number="537" hits="1" branch="false"/>
            <line number="551" hits="1" branch="false"/>
            <line number="552" hits="1" branch="false"/>
            <line number="553" hits="1" branch="false"/>
            <line number="561" hits="1" branch="false"/>
            <line number="566" hits="8" branch="false"/>
            <line number="569" hits="8" branch="false"/>
            <line number="570" hits="8" branch="false"/>
            <line number="572" hits="1" branch="false"/>
            <line number="573" hits="1" branch="false"/>
            <line number="581" hits="8" branch="true" condition-coverage="100% (2/2)"/>
            <line number="583" hits="7" branch="false"/>
            <line number="584" hits="7" branch="false"/>
            <line number="586" hits="1" branch="false"/>
            <line number="587" hits="1" branch="false"/>
            <line number="593" hits="1" branch="false"/>
            <line number="596" hits="7" branch="true" condition-coverage="100% (2/2)"/>
            <line number="598" hits="6" branch="true" condition-coverage="100% (2/2)"/>
            <line number="599" hits="3" branch="false"/>
            <line number="600" hits="3" branch="false"/>
            <line number="602" hits="3" branch="false"/>
            <line number="603" hits="3" branch="false"/>
            <line number="606" hits="6" branch="true" condition-coverage="100% (4/4)"/>
            <line number="607" hits="4" branch="false"/>
            <line number="609" hits="4" branch="false"/>
            <line number="611" hits="4" branch="false"/>
            <line number="617" hits="6" branch="false"/>
            <line number="623" hits="6" branch="true" condition-coverage="100% (2/2)"/>
            <line number="624" hits="4" branch="false"/>
            <line number="626" hits="4" branch="false"/>
            <line number="628" hits="4" branch="false"/>
            <line number="635" hits="2" branch="false"/>
            <line number="638" hits="2" branch="false"/>
            <line number="647" hits="6" branch="false"/>
            <line number="650" hits="1" branch="false"/>
            <line number="665" hits="1" branch="false"/>
            <line number="669" hits="1" branch="false"/>
            <line number="672" hits="1" branch="false"/>
            <line number="681" hits="3" branch="false"/>
            <line number="682" hits="3" branch="false"/>
            <line number="684" hits="3" branch="false"/>
            <line number="686" hits="3" branch="true" condition-coverage="100% (2/2)"/>
            <line number="687" hits="1" branch="false"/>
            <line number="688" hits="1" branch="false"/>
            <line number="689" hits="1" branch="false"/>
            <line number="690" hits="1" branch="false"/>
            <line number="693" hits="3" branch="false"/>
            <line number="697" hits="1" branch="false"/>
            <line number="698" hits="1" branch="false"/>
            <line number="699" hits="1" branch="false"/>
            <line number="700" hits="1" branch="false"/>
            <line number="701" hits="1" branch="false"/>
            <line number="702" hits="1" branch="false"/>
            <line number="704" hits="1" branch="false"/>
            <line number="705" hits="1" branch="false"/>
            <line number="708" hits="1" branch="false"/>
            <line number="709" hits="1" branch="false"/>
            <line number="713" hits="13" branch="false"/>
            <line number="715" hits="13" branch="true" condition-coverage="100% (2/2)"/>
            <line number="716" hits="11" branch="false"/>
            <line number="720" hits="11" branch="true" condition-coverage="100% (7/7)"/>
            <line number="723" hits="3" branch="false"/>
            <line number="725" hits="1" branch="false"/>
            <line number="728" hits="2" branch="false"/>
            <line number="730" hits="1" branch="false"/>
            <line number="732" hits="1" branch="false"/>
            <line number="735" hits="3" branch="false"/>
            <line number="736" hits="2" branch="true" condition-coverage="100% (2/2)"/>
            <line number="737" hits="1" branch="false"/>
            <line number="738" hits="1" branch="false"/>
            <line number="740" hits="1" branch="false"/>
            <line number="743" hits="1" branch="false"/>
            <line number="744" hits="1" branch="false"/>
            <line number="748" hits="44" branch="false"/>
            <line number="759" hits="16" branch="false"/>
            <line number="761" hits="15" branch="true" condition-coverage="100% (2/2)"/>
            <line number="762" hits="8" branch="false"/>
            <line number="763" hits="8" branch="false"/>
            <line number="764" hits="7" branch="true" condition-coverage="100% (2/2)"/>
            <line number="765" hits="6" branch="true" condition-coverage="100% (5/5)"/>
            <line number="766" hits="1" branch="false"/>
            <line number="768" hits="5" branch="true" condition-coverage="100% (4/4)"/>
            <line number="769" hits="1" branch="false"/>
            <line number="771" hits="4" branch="true" condition-coverage="100% (4/4)"/>
            <line number="772" hits="1" branch="false"/>
            <line number="774" hits="3" branch="false"/>
            <line number="775" hits="3" branch="false"/>
            <line number="777" hits="1" branch="false"/>
            <line number="778" hits="1" branch="false"/>
            <line number="779" hits="1" branch="false"/>
            <line number="780" hits="1" branch="false"/>
          </lines>
        </class>
        <class name="iterators.js" filename="lib/iterators.js" line-rate="1" branch-rate="1">
          <methods>
            <method name="(anonymous_0)" hits="18" signature="()V">
              <lines>
                <line number="32" hits="18"/>
              </lines>
            </method>
            <method name="(anonymous_1)" hits="1" signature="()V">
              <lines>
                <line number="47" hits="1"/>
              </lines>
            </method>
            <method name="(anonymous_2)" hits="3" signature="()V">
              <lines>
                <line number="56" hits="3"/>
              </lines>
            </method>
            <method name="(anonymous_3)" hits="6" signature="()V">
              <lines>
                <line number="69" hits="6"/>
              </lines>
            </method>
            <method name="(anonymous_4)" hits="5" signature="()V">
              <lines>
                <line number="85" hits="5"/>
              </lines>
            </method>
            <method name="(anonymous_5)" hits="1" signature="()V">
              <lines>
                <line number="117" hits="1"/>
              </lines>
            </method>
            <method name="(anonymous_6)" hits="1" signature="()V">
              <lines>
                <line number="130" hits="1"/>
              </lines>
            </method>
          </methods>
          <lines>
            <line number="9" hits="2" branch="false"/>
            <line number="10" hits="2" branch="false"/>
            <line number="33" hits="18" branch="false"/>
            <line number="34" hits="18" branch="false"/>
            <line number="35" hits="18" branch="false"/>
            <line number="36" hits="18" branch="false"/>
            <line number="37" hits="18" branch="false"/>
            <line number="38" hits="18" branch="false"/>
            <line number="48" hits="1" branch="false"/>
            <line number="49" hits="1" branch="false"/>
            <line number="57" hits="3" branch="true" condition-coverage="100% (2/2)"/>
            <line number="58" hits="1" branch="false"/>
            <line number="59" hits="2" branch="true" condition-coverage="100% (2/2)"/>
            <line number="60" hits="1" branch="false"/>
            <line number="62" hits="1" branch="false"/>
            <line number="70" hits="6" branch="false"/>
            <line number="71" hits="6" branch="false"/>
            <line number="72" hits="6" branch="false"/>
            <line number="74" hits="6" branch="false"/>
            <line number="75" hits="6" branch="false"/>
            <line number="87" hits="5" branch="true" condition-coverage="100% (2/2)"/>
            <line number="88" hits="1" branch="false"/>
            <line number="91" hits="4" branch="true" condition-coverage="100% (2/2)"/>
            <line number="92" hits="2" branch="false"/>
            <line number="93" hits="2" branch="false"/>
            <line number="94" hits="1" branch="false"/>
            <line number="95" hits="1" branch="false"/>
            <line number="96" hits="1" branch="false"/>
            <line number="98" hits="1" branch="false"/>
            <line number="99" hits="1" branch="false"/>
            <line number="102" hits="2" branch="false"/>
            <line number="118" hits="1" branch="false"/>
            <line number="131" hits="1" branch="false"/>
            <line number="135" hits="2" branch="false"/>
            <line number="136" hits="2" branch="false"/>
          </lines>
        </class>
        <class name="logger.js" filename="lib/logger.js" line-rate="1" branch-rate="1">
          <methods>
            <method name="(anonymous_0)" hits="50" signature="()V">
              <lines>
                <line number="18" hits="50"/>
              </lines>
            </method>
            <method name="(anonymous_1)" hits="352" signature="()V">
              <lines>
                <line number="23" hits="352"/>
              </lines>
            </method>
            <method name="(anonymous_2)" hits="333" signature="()V">
              <lines>
                <line number="28" hits="333"/>
              </lines>
            </method>
            <method name="(anonymous_3)" hits="32" signature="()V">
              <lines>
                <line number="47" hits="32"/>
              </lines>
            </method>
            <method name="createLogger" hits="32" signature="()V">
              <lines>
                <line number="58" hits="32"/>
              </lines>
            </method>
            <method name="(anonymous_5)" hits="137" signature="()V">
              <lines>
                <line number="71" hits="137"/>
              </lines>
            </method>
            <method name="(anonymous_6)" hits="115" signature="()V">
              <lines>
                <line number="95" hits="115"/>
              </lines>
            </method>
            <method name="(anonymous_7)" hits="4" signature="()V">
              <lines>
                <line number="113" hits="4"/>
              </lines>
            </method>
            <method name="(anonymous_8)" hits="27" signature="()V">
              <lines>
                <line number="118" hits="27"/>
              </lines>
            </method>
            <method name="firstTime" hits="19" signature="()V">
              <lines>
                <line number="128" hits="19"/>
              </lines>
            </method>
            <method name="(anonymous_10)" hits="17" signature="()V">
              <lines>
                <line number="142" hits="17"/>
              </lines>
            </method>
            <method name="(anonymous_11)" hits="1" signature="()V">
              <lines>
                <line number="143" hits="1"/>
              </lines>
            </method>
          </methods>
          <lines>
            <line number="8" hits="18" branch="false"/>
            <line number="9" hits="18" branch="false"/>
            <line number="10" hits="18" branch="false"/>
            <line number="11" hits="18" branch="false"/>
            <line number="12" hits="18" branch="false"/>
            <line number="14" hits="18" branch="false"/>
            <line number="18" hits="50" branch="false"/>
            <line number="24" hits="352" branch="false"/>
            <line number="25" hits="352" branch="false"/>
            <line number="26" hits="352" branch="false"/>
            <line number="27" hits="352" branch="true" condition-coverage="100% (2/2)"/>
            <line number="28" hits="202" branch="false"/>
            <line number="29" hits="333" branch="true" condition-coverage="100% (4/4)"/>
            <line number="30" hits="2" branch="true" condition-coverage="100% (2/2)"/>
            <line number="31" hits="1" branch="false"/>
            <line number="33" hits="1" branch="false"/>
            <line number="36" hits="331" branch="false"/>
            <line number="40" hits="352" branch="false"/>
            <line number="47" hits="18" branch="false"/>
            <line number="48" hits="32" branch="true" condition-coverage="100% (2/2)"/>
            <line number="49" hits="18" branch="false"/>
            <line number="53" hits="32" branch="false"/>
            <line number="59" hits="32" branch="false"/>
            <line number="67" hits="32" branch="false"/>
            <line number="71" hits="18" branch="false"/>
            <line number="72" hits="137" branch="false"/>
            <line number="73" hits="137" branch="true" condition-coverage="100% (2/2)"/>
            <line number="74" hits="59" branch="true" condition-coverage="100% (5/5)"/>
            <line number="76" hits="1" branch="false"/>
            <line number="77" hits="1" branch="false"/>
            <line number="79" hits="1" branch="false"/>
            <line number="80" hits="1" branch="false"/>
            <line number="82" hits="1" branch="false"/>
            <line number="83" hits="1" branch="false"/>
            <line number="85" hits="7" branch="false"/>
            <line number="86" hits="7" branch="false"/>
            <line number="88" hits="47" branch="false"/>
            <line number="91" hits="137" branch="false"/>
            <line number="95" hits="18" branch="true" condition-coverage="100% (1/1)"/>
            <line number="98" hits="115" branch="false"/>
            <line number="101" hits="115" branch="true" condition-coverage="100% (2/2)"/>
            <line number="102" hits="83" branch="false"/>
            <line number="103" hits="83" branch="false"/>
            <line number="105" hits="32" branch="false"/>
            <line number="106" hits="32" branch="false"/>
            <line number="109" hits="115" branch="false"/>
            <line number="113" hits="18" branch="false"/>
            <line number="115" hits="4" branch="false"/>
            <line number="116" hits="4" branch="false"/>
            <line number="118" hits="4" branch="false"/>
            <line number="119" hits="27" branch="false"/>
            <line number="129" hits="19" branch="true" condition-coverage="100% (2/2)"/>
            <line number="130" hits="18" branch="false"/>
            <line number="131" hits="18" branch="false"/>
            <line number="142" hits="18" branch="true" condition-coverage="100% (2/2)"/>
            <line number="143" hits="1" branch="false"/>
            <line number="144" hits="1" branch="false"/>
            <line number="146" hits="1" branch="false"/>
            <line number="150" hits="18" branch="false"/>
          </lines>
        </class>
        <class name="server.js" filename="lib/server.js" line-rate="1" branch-rate="1">
          <methods>
            <method name="(anonymous_0)" hits="15" signature="()V">
              <lines>
                <line number="38" hits="15"/>
              </lines>
            </method>
            <method name="(anonymous_1)" hits="2" signature="()V">
              <lines>
                <line number="88" hits="2"/>
              </lines>
            </method>
            <method name="(anonymous_2)" hits="2" signature="()V">
              <lines>
                <line number="89" hits="2"/>
              </lines>
            </method>
            <method name="(anonymous_3)" hits="2" signature="()V">
              <lines>
                <line number="92" hits="2"/>
              </lines>
            </method>
            <method name="(anonymous_4)" hits="2" signature="()V">
              <lines>
                <line number="108" hits="2"/>
              </lines>
            </method>
          </methods>
          <lines>
            <line number="9" hits="2" branch="false"/>
            <line number="10" hits="2" branch="false"/>
            <line number="11" hits="2" branch="false"/>
            <line number="13" hits="2" branch="false"/>
            <line number="14" hits="2" branch="false"/>
            <line number="15" hits="2" branch="false"/>
            <line number="17" hits="2" branch="false"/>
            <line number="18" hits="2" branch="false"/>
            <line number="32" hits="2" branch="false"/>
            <line number="40" hits="15" branch="true" condition-coverage="100% (4/4)"/>
            <line number="41" hits="1" branch="false"/>
            <line number="43" hits="14" branch="true" condition-coverage="100% (4/4)"/>
            <line number="44" hits="1" branch="false"/>
            <line number="46" hits="13" branch="true" condition-coverage="100% (4/4)"/>
            <line number="47" hits="2" branch="false"/>
            <line number="49" hits="11" branch="true" condition-coverage="100% (2/2)"/>
            <line number="50" hits="1" branch="false"/>
            <line number="52" hits="10" branch="true" condition-coverage="100% (2/2)"/>
            <line number="53" hits="1" branch="false"/>
            <line number="55" hits="9" branch="true" condition-coverage="100% (4/4)"/>
            <line number="56" hits="4" branch="true" condition-coverage="100% (4/4)"/>
            <line number="57" hits="1" branch="false"/>
            <line number="59" hits="3" branch="true" condition-coverage="100% (4/4)"/>
            <line number="60" hits="1" branch="false"/>
            <line number="64" hits="2" branch="true" condition-coverage="100% (4/4)"/>
            <line number="65" hits="1" branch="false"/>
            <line number="67" hits="1" branch="false"/>
            <line number="70" hits="2" branch="false"/>
            <line number="77" hits="5" branch="false"/>
            <line number="81" hits="7" branch="false"/>
            <line number="82" hits="7" branch="false"/>
            <line number="84" hits="7" branch="false"/>
            <line number="85" hits="7" branch="false"/>
            <line number="89" hits="2" branch="false"/>
            <line number="90" hits="2" branch="false"/>
            <line number="92" hits="2" branch="false"/>
            <line number="93" hits="2" branch="true" condition-coverage="100% (2/2)"/>
            <line number="94" hits="1" branch="false"/>
            <line number="96" hits="1" branch="false"/>
            <line number="97" hits="1" branch="false"/>
            <line number="99" hits="1" branch="false"/>
            <line number="101" hits="1" branch="false"/>
            <line number="102" hits="1" branch="false"/>
            <line number="109" hits="2" branch="false"/>
            <line number="111" hits="2" branch="false"/>
            <line number="112" hits="2" branch="false"/>
            <line number="113" hits="2" branch="false"/>
            <line number="117" hits="2" branch="false"/>
            <line number="118" hits="2" branch="false"/>
            <line number="123" hits="1" branch="false"/>
            <line number="128" hits="2" branch="false"/>
          </lines>
        </class>
        <class name="stub.js" filename="lib/stub.js" line-rate="1" branch-rate="1">
          <methods>
            <method name="validateCompositeKeyAttribute" hits="7" signature="()V">
              <lines>
                <line number="35" hits="7"/>
              </lines>
            </method>
            <method name="validateSimpleKeys" hits="7" signature="()V">
              <lines>
                <line number="45" hits="7"/>
              </lines>
            </method>
            <method name="(anonymous_2)" hits="12" signature="()V">
              <lines>
                <line number="46" hits="12"/>
              </lines>
            </method>
            <method name="computeProposalBinding" hits="1" signature="()V">
              <lines>
                <line number="53" hits="1"/>
              </lines>
            </method>
            <method name="createQueryMetadata" hits="7" signature="()V">
              <lines>
                <line number="75" hits="7"/>
              </lines>
            </method>
            <method name="convertToAsyncIterator" hits="24" signature="()V">
              <lines>
                <line number="83" hits="24"/>
              </lines>
            </method>
            <method name="(anonymous_6)" hits="8" signature="()V">
              <lines>
                <line number="84" hits="8"/>
              </lines>
            </method>
            <method name="(anonymous_7)" hits="26" signature="()V">
              <lines>
                <line number="87" hits="26"/>
              </lines>
            </method>
            <method name="(anonymous_8)" hits="3" signature="()V">
              <lines>
                <line number="101" hits="3"/>
              </lines>
            </method>
            <method name="(anonymous_9)" hits="94" signature="()V">
              <lines>
                <line number="132" hits="94"/>
              </lines>
            </method>
            <method name="(anonymous_10)" hits="43" signature="()V">
              <lines>
                <line number="135" hits="43"/>
              </lines>
            </method>
            <method name="(anonymous_11)" hits="43" signature="()V">
              <lines>
                <line number="136" hits="43"/>
              </lines>
            </method>
            <method name="(anonymous_12)" hits="1" signature="()V">
              <lines>
                <line number="218" hits="1"/>
              </lines>
            </method>
            <method name="(anonymous_13)" hits="4" signature="()V">
              <lines>
                <line number="226" hits="4"/>
              </lines>
            </method>
            <method name="(anonymous_14)" hits="1" signature="()V">
              <lines>
                <line number="230" hits="1"/>
              </lines>
            </method>
            <method name="(anonymous_15)" hits="3" signature="()V">
              <lines>
                <line number="248" hits="3"/>
              </lines>
            </method>
            <method name="(anonymous_16)" hits="1" signature="()V">
              <lines>
                <line number="267" hits="1"/>
              </lines>
            </method>
            <method name="(anonymous_17)" hits="1" signature="()V">
              <lines>
                <line number="277" hits="1"/>
              </lines>
            </method>
            <method name="(anonymous_18)" hits="1" signature="()V">
              <lines>
                <line number="295" hits="1"/>
              </lines>
            </method>
            <method name="(anonymous_19)" hits="2" signature="()V">
              <lines>
                <line number="303" hits="2"/>
              </lines>
            </method>
            <method name="(anonymous_20)" hits="1" signature="()V">
              <lines>
                <line number="316" hits="1"/>
              </lines>
            </method>
            <method name="(anonymous_21)" hits="1" signature="()V">
              <lines>
                <line number="398" hits="1"/>
              </lines>
            </method>
            <method name="(anonymous_22)" hits="1" signature="()V">
              <lines>
                <line number="408" hits="1"/>
              </lines>
            </method>
            <method name="(anonymous_23)" hits="1" signature="()V">
              <lines>
                <line number="417" hits="1"/>
              </lines>
            </method>
            <method name="(anonymous_24)" hits="1" signature="()V">
              <lines>
                <line number="450" hits="1"/>
              </lines>
            </method>
            <method name="(anonymous_25)" hits="1" signature="()V">
              <lines>
                <line number="460" hits="1"/>
              </lines>
            </method>
            <method name="(anonymous_26)" hits="2" signature="()V">
              <lines>
                <line number="477" hits="2"/>
              </lines>
            </method>
            <method name="(anonymous_27)" hits="1" signature="()V">
              <lines>
                <line number="493" hits="1"/>
              </lines>
            </method>
            <method name="(anonymous_28)" hits="1" signature="()V">
              <lines>
                <line number="506" hits="1"/>
              </lines>
            </method>
            <method name="(anonymous_29)" hits="1" signature="()V">
              <lines>
                <line number="521" hits="1"/>
              </lines>
            </method>
            <method name="(anonymous_30)" hits="3" signature="()V">
              <lines>
                <line number="548" hits="3"/>
              </lines>
            </method>
            <method name="(anonymous_31)" hits="2" signature="()V">
              <lines>
                <line number="561" hits="2"/>
              </lines>
            </method>
            <method name="(anonymous_32)" hits="4" signature="()V">
              <lines>
                <line number="605" hits="4"/>
              </lines>
            </method>
            <method name="(anonymous_33)" hits="1" signature="()V">
              <lines>
                <line number="645" hits="1"/>
              </lines>
            </method>
            <method name="(anonymous_34)" hits="1" signature="()V">
              <lines>
                <line number="650" hits="1"/>
              </lines>
            </method>
            <method name="(anonymous_35)" hits="2" signature="()V">
              <lines>
                <line number="674" hits="2"/>
              </lines>
            </method>
            <method name="(anonymous_36)" hits="1" signature="()V">
              <lines>
                <line number="701" hits="1"/>
              </lines>
            </method>
            <method name="(anonymous_37)" hits="2" signature="()V">
              <lines>
                <line number="737" hits="2"/>
              </lines>
            </method>
            <method name="(anonymous_38)" hits="3" signature="()V">
              <lines>
                <line number="755" hits="3"/>
              </lines>
            </method>
            <method name="(anonymous_39)" hits="4" signature="()V">
              <lines>
                <line number="788" hits="4"/>
              </lines>
            </method>
            <method name="(anonymous_40)" hits="4" signature="()V">
              <lines>
                <line number="795" hits="4"/>
              </lines>
            </method>
            <method name="(anonymous_41)" hits="5" signature="()V">
              <lines>
                <line number="811" hits="5"/>
              </lines>
            </method>
            <method name="(anonymous_42)" hits="1" signature="()V">
              <lines>
                <line number="847" hits="1"/>
              </lines>
            </method>
            <method name="(anonymous_43)" hits="1" signature="()V">
              <lines>
                <line number="854" hits="1"/>
              </lines>
            </method>
            <method name="(anonymous_44)" hits="2" signature="()V">
              <lines>
                <line number="884" hits="2"/>
              </lines>
            </method>
            <method name="(anonymous_45)" hits="4" signature="()V">
              <lines>
                <line number="908" hits="4"/>
              </lines>
            </method>
            <method name="(anonymous_46)" hits="4" signature="()V">
              <lines>
                <line number="928" hits="4"/>
              </lines>
            </method>
            <method name="(anonymous_47)" hits="7" signature="()V">
              <lines>
                <line number="955" hits="7"/>
              </lines>
            </method>
            <method name="(anonymous_48)" hits="4" signature="()V">
              <lines>
                <line number="984" hits="4"/>
              </lines>
            </method>
            <method name="(anonymous_49)" hits="1" signature="()V">
              <lines>
                <line number="1004" hits="1"/>
              </lines>
            </method>
            <method name="(anonymous_50)" hits="1" signature="()V">
              <lines>
                <line number="1018" hits="1"/>
              </lines>
            </method>
            <method name="(anonymous_51)" hits="6" signature="()V">
              <lines>
                <line number="1046" hits="6"/>
              </lines>
            </method>
            <method name="(anonymous_52)" hits="5" signature="()V">
              <lines>
                <line number="1079" hits="5"/>
              </lines>
            </method>
            <method name="(anonymous_53)" hits="4" signature="()V">
              <lines>
                <line number="1110" hits="4"/>
              </lines>
            </method>
          </methods>
          <lines>
            <line number="10" hits="2" branch="false"/>
            <line number="11" hits="2" branch="false"/>
            <line number="12" hits="2" branch="false"/>
            <line number="14" hits="2" branch="false"/>
            <line number="16" hits="2" branch="false"/>
            <line number="18" hits="2" branch="false"/>
            <line number="30" hits="2" branch="false"/>
            <line number="31" hits="2" branch="false"/>
            <line number="32" hits="2" branch="false"/>
            <line number="33" hits="2" branch="false"/>
            <line number="36" hits="7" branch="true" condition-coverage="100% (5/5)"/>
            <line number="37" hits="3" branch="false"/>
            <line number="46" hits="7" branch="false"/>
            <line number="47" hits="12" branch="true" condition-coverage="100% (5/5)"/>
            <line number="48" hits="2" branch="false"/>
            <line number="54" hits="1" branch="false"/>
            <line number="55" hits="1" branch="false"/>
            <line number="56" hits="1" branch="false"/>
            <line number="63" hits="1" branch="false"/>
            <line number="64" hits="1" branch="false"/>
            <line number="65" hits="1" branch="false"/>
            <line number="67" hits="1" branch="false"/>
            <line number="69" hits="1" branch="false"/>
            <line number="70" hits="1" branch="false"/>
            <line number="71" hits="1" branch="false"/>
            <line number="76" hits="7" branch="false"/>
            <line number="84" hits="24" branch="false"/>
            <line number="86" hits="8" branch="false"/>
            <line number="88" hits="26" branch="true" condition-coverage="100% (2/2)"/>
            <line number="89" hits="7" branch="false"/>
            <line number="92" hits="6" branch="true" condition-coverage="100% (2/2)"/>
            <line number="94" hits="25" branch="false"/>
            <line number="95" hits="25" branch="true" condition-coverage="100% (2/2)"/>
            <line number="96" hits="3" branch="false"/>
            <line number="97" hits="3" branch="false"/>
            <line number="99" hits="25" branch="false"/>
            <line number="106" hits="3" branch="false"/>
            <line number="107" hits="3" branch="false"/>
            <line number="108" hits="3" branch="false"/>
            <line number="112" hits="24" branch="false"/>
            <line number="133" hits="94" branch="false"/>
            <line number="134" hits="94" branch="false"/>
            <line number="135" hits="94" branch="false"/>
            <line number="136" hits="94" branch="false"/>
            <line number="138" hits="94" branch="false"/>
            <line number="139" hits="94" branch="false"/>
            <line number="141" hits="94" branch="true" condition-coverage="100% (2/2)"/>
            <line number="142" hits="9" branch="false"/>
            <line number="147" hits="9" branch="false"/>
            <line number="148" hits="9" branch="false"/>
            <line number="149" hits="8" branch="false"/>
            <line number="150" hits="8" branch="false"/>
            <line number="152" hits="1" branch="false"/>
            <line number="155" hits="8" branch="true" condition-coverage="100% (4/4)"/>
            <line number="156" hits="1" branch="false"/>
            <line number="159" hits="7" branch="true" condition-coverage="100% (4/4)"/>
            <line number="160" hits="1" branch="false"/>
            <line number="164" hits="6" branch="false"/>
            <line number="165" hits="6" branch="false"/>
            <line number="166" hits="5" branch="false"/>
            <line number="168" hits="1" branch="false"/>
            <line number="172" hits="5" branch="false"/>
            <line number="173" hits="5" branch="false"/>
            <line number="174" hits="4" branch="false"/>
            <line number="176" hits="1" branch="false"/>
            <line number="180" hits="4" branch="false"/>
            <line number="181" hits="4" branch="false"/>
            <line number="182" hits="3" branch="false"/>
            <line number="183" hits="3" branch="false"/>
            <line number="185" hits="1" branch="false"/>
            <line number="189" hits="3" branch="false"/>
            <line number="190" hits="3" branch="false"/>
            <line number="191" hits="2" branch="false"/>
            <line number="192" hits="2" branch="false"/>
            <line number="194" hits="1" branch="false"/>
            <line number="198" hits="2" branch="false"/>
            <line number="199" hits="2" branch="false"/>
            <line number="200" hits="1" branch="false"/>
            <line number="202" hits="1" branch="false"/>
            <line number="205" hits="1" branch="false"/>
            <line number="207" hits="1" branch="false"/>
            <line number="209" hits="1" branch="false"/>
            <line number="219" hits="1" branch="false"/>
            <line number="227" hits="4" branch="false"/>
            <line number="231" hits="1" branch="false"/>
            <line number="249" hits="3" branch="false"/>
            <line number="250" hits="3" branch="true" condition-coverage="100% (2/2)"/>
            <line number="251" hits="2" branch="false"/>
            <line number="256" hits="1" branch="false"/>
            <line number="268" hits="1" branch="false"/>
            <line number="278" hits="1" branch="false"/>
            <line number="296" hits="1" branch="false"/>
            <line number="304" hits="2" branch="true" condition-coverage="100% (2/2)"/>
            <line number="305" hits="1" branch="false"/>
            <line number="307" hits="1" branch="false"/>
            <line number="317" hits="1" branch="false"/>
            <line number="399" hits="1" branch="false"/>
            <line number="409" hits="1" branch="false"/>
            <line number="418" hits="1" branch="false"/>
            <line number="419" hits="1" branch="false"/>
            <line number="451" hits="1" branch="false"/>
            <line number="461" hits="1" branch="false"/>
            <line number="463" hits="1" branch="false"/>
            <line number="464" hits="1" branch="false"/>
            <line number="479" hits="2" branch="false"/>
            <line number="480" hits="2" branch="true" condition-coverage="100% (2/2)"/>
            <line number="481" hits="1" branch="false"/>
            <line number="483" hits="2" branch="false"/>
            <line number="495" hits="1" branch="false"/>
            <line number="496" hits="1" branch="false"/>
            <line number="508" hits="1" branch="false"/>
            <line number="509" hits="1" branch="false"/>
            <line number="523" hits="1" branch="false"/>
            <line number="524" hits="1" branch="false"/>
            <line number="525" hits="1" branch="false"/>
            <line number="549" hits="3" branch="true" condition-coverage="100% (2/2)"/>
            <line number="550" hits="1" branch="false"/>
            <line number="552" hits="3" branch="false"/>
            <line number="553" hits="3" branch="false"/>
            <line number="555" hits="1" branch="false"/>
            <line number="558" hits="2" branch="false"/>
            <line number="560" hits="2" branch="false"/>
            <line number="561" hits="2" branch="false"/>
            <line number="562" hits="2" branch="false"/>
            <line number="606" hits="4" branch="true" condition-coverage="100% (2/2)"/>
            <line number="607" hits="1" branch="false"/>
            <line number="609" hits="4" branch="true" condition-coverage="100% (2/2)"/>
            <line number="610" hits="3" branch="false"/>
            <line number="612" hits="4" branch="false"/>
            <line number="613" hits="4" branch="false"/>
            <line number="615" hits="1" branch="false"/>
            <line number="617" hits="3" branch="false"/>
            <line number="618" hits="3" branch="false"/>
            <line number="619" hits="3" branch="false"/>
            <line number="620" hits="3" branch="false"/>
            <line number="647" hits="1" branch="false"/>
            <line number="649" hits="1" branch="false"/>
            <line number="650" hits="1" branch="false"/>
            <line number="651" hits="1" branch="false"/>
            <line number="675" hits="2" branch="true" condition-coverage="100% (2/2)"/>
            <line number="676" hits="1" branch="false"/>
            <line number="678" hits="2" branch="false"/>
            <line number="679" hits="2" branch="false"/>
            <line number="680" hits="2" branch="false"/>
            <line number="681" hits="2" branch="false"/>
            <line number="702" hits="1" branch="false"/>
            <line number="703" hits="1" branch="false"/>
            <line number="738" hits="2" branch="true" condition-coverage="100% (4/4)"/>
            <line number="739" hits="1" branch="false"/>
            <line number="741" hits="2" branch="false"/>
            <line number="756" hits="3" branch="true" condition-coverage="100% (4/4)"/>
            <line number="757" hits="2" branch="false"/>
            <line number="763" hits="1" branch="false"/>
            <line number="789" hits="4" branch="false"/>
            <line number="790" hits="4" branch="true" condition-coverage="100% (2/2)"/>
            <line number="791" hits="1" branch="false"/>
            <line number="794" hits="3" branch="false"/>
            <line number="795" hits="3" branch="false"/>
            <line number="796" hits="4" branch="false"/>
            <line number="797" hits="4" branch="false"/>
            <line number="799" hits="3" branch="false"/>
            <line number="812" hits="5" branch="false"/>
            <line number="813" hits="5" branch="true" condition-coverage="100% (5/5)"/>
            <line number="814" hits="2" branch="false"/>
            <line number="815" hits="2" branch="false"/>
            <line number="816" hits="2" branch="false"/>
            <line number="817" hits="2" branch="true" condition-coverage="100% (2/2)"/>
            <line number="818" hits="1" branch="false"/>
            <line number="819" hits="1" branch="false"/>
            <line number="822" hits="5" branch="false"/>
            <line number="848" hits="1" branch="false"/>
            <line number="849" hits="1" branch="false"/>
            <line number="850" hits="1" branch="false"/>
            <line number="851" hits="1" branch="false"/>
            <line number="853" hits="1" branch="false"/>
            <line number="854" hits="1" branch="false"/>
            <line number="855" hits="1" branch="false"/>
            <line number="885" hits="2" branch="true" condition-coverage="100% (2/2)"/>
            <line number="886" hits="1" branch="false"/>
            <line number="888" hits="2" branch="false"/>
            <line number="889" hits="2" branch="false"/>
            <line number="890" hits="2" branch="false"/>
            <line number="891" hits="2" branch="false"/>
            <line number="892" hits="2" branch="false"/>
            <line number="893" hits="2" branch="false"/>
            <line number="894" hits="2" branch="false"/>
            <line number="909" hits="4" branch="false"/>
            <line number="910" hits="4" branch="true" condition-coverage="100% (4/4)"/>
            <line number="911" hits="2" branch="false"/>
            <line number="913" hits="2" branch="true" condition-coverage="100% (4/4)"/>
            <line number="914" hits="1" branch="false"/>
            <line number="917" hits="1" branch="false"/>
            <line number="929" hits="4" branch="false"/>
            <line number="930" hits="4" branch="true" condition-coverage="100% (4/4)"/>
            <line number="931" hits="2" branch="false"/>
            <line number="933" hits="2" branch="true" condition-coverage="100% (4/4)"/>
            <line number="934" hits="1" branch="false"/>
            <line number="937" hits="1" branch="false"/>
            <line number="956" hits="7" branch="false"/>
            <line number="957" hits="7" branch="true" condition-coverage="100% (4/4)"/>
            <line number="958" hits="2" branch="false"/>
            <line number="960" hits="5" branch="true" condition-coverage="100% (4/4)"/>
            <line number="961" hits="2" branch="false"/>
            <line number="963" hits="3" branch="true" condition-coverage="100% (2/2)"/>
            <line number="964" hits="1" branch="false"/>
            <line number="966" hits="2" branch="true" condition-coverage="100% (2/2)"/>
            <line number="967" hits="1" branch="false"/>
            <line number="970" hits="2" branch="false"/>
            <line number="985" hits="4" branch="false"/>
            <line number="986" hits="4" branch="true" condition-coverage="100% (4/4)"/>
            <line number="987" hits="2" branch="false"/>
            <line number="989" hits="2" branch="true" condition-coverage="100% (4/4)"/>
            <line number="990" hits="1" branch="false"/>
            <line number="992" hits="1" branch="false"/>
            <line number="1005" hits="1" branch="false"/>
            <line number="1019" hits="1" branch="false"/>
            <line number="1020" hits="1" branch="false"/>
            <line number="1047" hits="6" branch="false"/>
            <line number="1048" hits="6" branch="true" condition-coverage="100% (2/2)"/>
            <line number="1049" hits="3" branch="false"/>
            <line number="1051" hits="3" branch="true" condition-coverage="100% (4/4)"/>
            <line number="1052" hits="1" branch="false"/>
            <line number="1054" hits="2" branch="true" condition-coverage="100% (2/2)"/>
            <line number="1055" hits="1" branch="false"/>
            <line number="1058" hits="2" branch="false"/>
            <line number="1059" hits="2" branch="false"/>
            <line number="1080" hits="5" branch="false"/>
            <line number="1081" hits="5" branch="true" condition-coverage="100% (2/2)"/>
            <line number="1082" hits="3" branch="false"/>
            <line number="1084" hits="2" branch="true" condition-coverage="100% (4/4)"/>
            <line number="1085" hits="1" branch="false"/>
            <line number="1087" hits="1" branch="false"/>
            <line number="1089" hits="1" branch="false"/>
            <line number="1090" hits="1" branch="false"/>
            <line number="1111" hits="4" branch="false"/>
            <line number="1112" hits="4" branch="true" condition-coverage="100% (2/2)"/>
            <line number="1113" hits="2" branch="false"/>
            <line number="1115" hits="2" branch="true" condition-coverage="100% (4/4)"/>
            <line number="1116" hits="1" branch="false"/>
            <line number="1119" hits="1" branch="false"/>
            <line number="1120" hits="1" branch="false"/>
            <line number="1124" hits="2" branch="false"/>
            <line number="1125" hits="2" branch="false"/>
          </lines>
        </class>
      </classes>
    </package>
    <package name="fabric-shim.lib.cmds" line-rate="1" branch-rate="1">
      <classes>
        <class name="metadata.js" filename="lib/cmds/metadata.js" line-rate="1" branch-rate="1">
          <methods>
            <method name="(anonymous_0)" hits="1" signature="()V">
              <lines>
                <line number="14" hits="1"/>
              </lines>
            </method>
            <method name="(anonymous_1)" hits="1" signature="()V">
              <lines>
                <line number="19" hits="1"/>
              </lines>
            </method>
          </methods>
          <lines>
            <line number="12" hits="1" branch="false"/>
            <line number="13" hits="1" branch="false"/>
            <line number="14" hits="1" branch="false"/>
            <line number="16" hits="1" branch="false"/>
            <line number="19" hits="1" branch="false"/>
            <line number="21" hits="1" branch="false"/>
          </lines>
        </class>
        <class name="serverCommand.js" filename="lib/cmds/serverCommand.js" line-rate="1" branch-rate="1">
          <methods>
            <method name="(anonymous_0)" hits="6" signature="()V">
              <lines>
                <line number="35" hits="6"/>
              </lines>
            </method>
            <method name="(anonymous_1)" hits="6" signature="()V">
              <lines>
                <line number="40" hits="6"/>
              </lines>
            </method>
            <method name="(anonymous_2)" hits="1" signature="()V">
              <lines>
                <line number="57" hits="1"/>
              </lines>
            </method>
            <method name="(anonymous_3)" hits="4" signature="()V">
              <lines>
                <line number="63" hits="4"/>
              </lines>
            </method>
          </methods>
          <lines>
            <line number="9" hits="1" branch="false"/>
            <line number="11" hits="1" branch="false"/>
            <line number="12" hits="1" branch="false"/>
            <line number="14" hits="1" branch="false"/>
            <line number="33" hits="1" branch="false"/>
            <line number="35" hits="1" branch="false"/>
            <line number="36" hits="6" branch="false"/>
            <line number="38" hits="6" branch="false"/>
            <line number="40" hits="6" branch="false"/>
            <line number="41" hits="6" branch="true" condition-coverage="100% (6/6)"/>
            <line number="44" hits="5" branch="true" condition-coverage="100% (4/4)"/>
            <line number="45" hits="1" branch="false"/>
            <line number="47" hits="4" branch="true" condition-coverage="100% (4/4)"/>
            <line number="48" hits="2" branch="false"/>
            <line number="51" hits="3" branch="false"/>
            <line number="54" hits="6" branch="false"/>
            <line number="57" hits="1" branch="false"/>
            <line number="58" hits="1" branch="false"/>
            <line number="60" hits="1" branch="false"/>
            <line number="63" hits="1" branch="false"/>
            <line number="64" hits="4" branch="false"/>
            <line number="66" hits="4" branch="false"/>
            <line number="67" hits="64" branch="false"/>
            <line number="71" hits="4" branch="true" condition-coverage="100% (6/6)"/>
            <line number="74" hits="3" branch="false"/>
            <line number="76" hits="3" branch="true" condition-coverage="100% (2/2)"/>
            <line number="77" hits="1" branch="false"/>
[...]
            <line number="61" hits="25" branch="false"/>
            <line number="62" hits="25" branch="true" condition-coverage="100% (2/2)"/>
            <line number="63" hits="1" branch="false"/>
            <line number="68" hits="24" branch="false"/>
            <line number="72" hits="24" branch="false"/>
            <line number="74" hits="24" branch="false"/>
            <line number="77" hits="24" branch="false"/>
            <line number="87" hits="4" branch="false"/>
            <line number="88" hits="4" branch="false"/>
            <line number="89" hits="1" branch="false"/>
            <line number="91" hits="1" branch="false"/>
            <line number="94" hits="4" branch="true" condition-coverage="100% (2/2)"/>
            <line number="97" hits="1" branch="false"/>
            <line number="100" hits="1" branch="false"/>
            <line number="101" hits="1" branch="false"/>
            <line number="102" hits="1" branch="false"/>
            <line number="103" hits="1" branch="false"/>
            <line number="104" hits="1" branch="false"/>
            <line number="109" hits="4" branch="false"/>
            <line number="110" hits="4" branch="false"/>
            <line number="113" hits="7" branch="false"/>
            <line number="114" hits="7" branch="false"/>
            <line number="135" hits="5" branch="false"/>
            <line number="137" hits="5" branch="true" condition-coverage="100% (2/2)"/>
            <line number="138" hits="2" branch="false"/>
            <line number="139" hits="2" branch="false"/>
            <line number="140" hits="4" branch="true" condition-coverage="100% (2/2)"/>
            <line number="141" hits="1" branch="false"/>
            <line number="146" hits="5" branch="false"/>
            <line number="153" hits="13" branch="false"/>
            <line number="154" hits="13" branch="false"/>
            <line number="156" hits="13" branch="false"/>
            <line number="158" hits="13" branch="false"/>
            <line number="160" hits="13" branch="false"/>
            <line number="161" hits="27" branch="false"/>
            <line number="162" hits="27" branch="true" condition-coverage="100% (2/2)"/>
            <line number="163" hits="1" branch="false"/>
            <line number="166" hits="26" branch="false"/>
            <line number="167" hits="26" branch="true" condition-coverage="100% (2/2)"/>
            <line number="168" hits="10" branch="false"/>
            <line number="169" hits="10" branch="false"/>
            <line number="170" hits="16" branch="true" condition-coverage="100% (2/2)"/>
            <line number="171" hits="1" branch="false"/>
            <line number="174" hits="26" branch="false"/>
            <line number="177" hits="12" branch="false"/>
            <line number="185" hits="11" branch="true" condition-coverage="100% (2/2)"/>
            <line number="186" hits="10" branch="false"/>
            <line number="189" hits="11" branch="true" condition-coverage="100% (4/4)"/>
            <line number="190" hits="5" branch="false"/>
            <line number="192" hits="5" branch="false"/>
            <line number="193" hits="5" branch="false"/>
            <line number="195" hits="5" branch="false"/>
            <line number="197" hits="5" branch="false"/>
            <line number="198" hits="8" branch="false"/>
            <line number="200" hits="8" branch="false"/>
            <line number="201" hits="17" branch="true" condition-coverage="100% (2/2)"/>
            <line number="202" hits="7" branch="false"/>
            <line number="206" hits="8" branch="false"/>
            <line number="208" hits="8" branch="false"/>
            <line number="209" hits="8" branch="false"/>
            <line number="215" hits="11" branch="true" condition-coverage="100% (2/2)"/>
            <line number="216" hits="5" branch="false"/>
            <line number="217" hits="5" branch="false"/>
            <line number="218" hits="5" branch="true" condition-coverage="100% (2/2)"/>
            <line number="219" hits="5" branch="true" condition-coverage="100% (2/2)"/>
            <line number="223" hits="11" branch="true" condition-coverage="100% (2/2)"/>
            <line number="224" hits="6" branch="false"/>
            <line number="225" hits="6" branch="false"/>
            <line number="226" hits="6" branch="true" condition-coverage="100% (2/2)"/>
            <line number="229" hits="11" branch="false"/>
            <line number="234" hits="11" branch="false"/>
            <line number="235" hits="11" branch="true" condition-coverage="100% (2/2)"/>
            <line number="236" hits="11" branch="true" condition-coverage="100% (2/2)"/>
            <line number="237" hits="10" branch="false"/>
            <line number="239" hits="10" branch="false"/>
            <line number="240" hits="30" branch="false"/>
            <line number="241" hits="30" branch="true" condition-coverage="100% (2/2)"/>
            <line number="242" hits="2" branch="false"/>
            <line number="243" hits="28" branch="true" condition-coverage="100% (2/2)"/>
            <line number="244" hits="10" branch="false"/>
            <line number="245" hits="18" branch="true" condition-coverage="100% (2/2)"/>
            <line number="246" hits="6" branch="false"/>
            <line number="247" hits="12" branch="true" condition-coverage="100% (2/2)"/>
            <line number="248" hits="1" branch="false"/>
            <line number="251" hits="11" branch="false"/>
            <line number="255" hits="11" branch="true" condition-coverage="100% (2/2)"/>
            <line number="256" hits="7" branch="false"/>
            <line number="260" hits="11" branch="true" condition-coverage="100% (2/2)"/>
            <line number="261" hits="7" branch="false"/>
            <line number="262" hits="7" branch="false"/>
            <line number="263" hits="14" branch="false"/>
            <line number="273" hits="11" branch="false"/>
            <line number="277" hits="11" branch="false"/>
            <line number="279" hits="11" branch="false"/>
            <line number="288" hits="8" branch="true" condition-coverage="100% (2/2)"/>
            <line number="289" hits="8" branch="true" condition-coverage="100% (2/2)"/>
            <line number="290" hits="1" branch="false"/>
            <line number="292" hits="7" branch="false"/>
            <line number="306" hits="3" branch="false"/>
            <line number="315" hits="3" branch="false"/>
            <line number="325" hits="8" branch="false"/>
            <line number="326" hits="8" branch="true" condition-coverage="100% (4/4)"/>
            <line number="327" hits="2" branch="false"/>
            <line number="328" hits="2" branch="false"/>
            <line number="331" hits="6" branch="false"/>
            <line number="332" hits="6" branch="false"/>
            <line number="334" hits="6" branch="false"/>
            <line number="335" hits="6" branch="false"/>
            <line number="336" hits="6" branch="false"/>
            <line number="337" hits="6" branch="false"/>
            <line number="338" hits="6" branch="false"/>
            <line number="339" hits="6" branch="false"/>
            <line number="341" hits="6" branch="false"/>
            <line number="342" hits="6" branch="true" condition-coverage="100% (2/2)"/>
            <line number="343" hits="1" branch="false"/>
            <line number="346" hits="5" branch="false"/>
            <line number="348" hits="5" branch="false"/>
            <line number="349" hits="5" branch="false"/>
            <line number="352" hits="5" branch="false"/>
            <line number="353" hits="5" branch="false"/>
            <line number="354" hits="5" branch="false"/>
            <line number="355" hits="5" branch="false"/>
            <line number="358" hits="2" branch="true" condition-coverage="100% (2/2)"/>
            <line number="363" hits="5" branch="false"/>
            <line number="364" hits="3" branch="false"/>
            <line number="368" hits="5" branch="true" condition-coverage="100% (2/2)"/>
            <line number="372" hits="3" branch="false"/>
            <line number="375" hits="3" branch="false"/>
            <line number="379" hits="3" branch="false"/>
            <line number="382" hits="3" branch="false"/>
            <line number="384" hits="3" branch="false"/>
            <line number="386" hits="3" branch="true" condition-coverage="100% (2/2)"/>
            <line number="387" hits="1" branch="false"/>
            <line number="392" hits="3" branch="false"/>
            <line number="394" hits="2" branch="false"/>
            <line number="396" hits="2" branch="false"/>
            <line number="397" hits="1" branch="false"/>
            <line number="399" hits="1" branch="false"/>
            <line number="405" hits="1" branch="false"/>
            <line number="406" hits="1" branch="false"/>
            <line number="425" hits="11" branch="false"/>
            <line number="426" hits="11" branch="false"/>
            <line number="428" hits="11" branch="false"/>
            <line number="429" hits="11" branch="false"/>
            <line number="430" hits="11" branch="false"/>
            <line number="432" hits="11" branch="true" condition-coverage="100% (4/4)"/>
            <line number="433" hits="3" branch="false"/>
            <line number="436" hits="11" branch="false"/>
            <line number="441" hits="1" branch="false"/>
          </lines>
        </class>
        <class name="datamarshall.js" filename="lib/contract-spi/datamarshall.js" line-rate="1" branch-rate="1">
          <methods>
            <method name="(anonymous_0)" hits="18" signature="()V">
              <lines>
                <line number="27" hits="18"/>
              </lines>
            </method>
            <method name="(anonymous_1)" hits="2" signature="()V">
              <lines>
                <line number="54" hits="2"/>
              </lines>
            </method>
            <method name="(anonymous_2)" hits="3" signature="()V">
              <lines>
                <line number="67" hits="3"/>
              </lines>
            </method>
            <method name="(anonymous_3)" hits="7" signature="()V">
              <lines>
                <line number="80" hits="7"/>
              </lines>
            </method>
            <method name="(anonymous_4)" hits="5" signature="()V">
              <lines>
                <line number="84" hits="5"/>
              </lines>
            </method>
            <method name="(anonymous_5)" hits="14" signature="()V">
              <lines>
                <line number="128" hits="14"/>
              </lines>
            </method>
          </methods>
          <lines>
            <line number="8" hits="1" branch="false"/>
            <line number="9" hits="1" branch="false"/>
            <line number="10" hits="1" branch="false"/>
            <line number="19" hits="1" branch="false"/>
            <line number="28" hits="18" branch="false"/>
            <line number="29" hits="18" branch="false"/>
            <line number="30" hits="18" branch="true" condition-coverage="100% (2/2)"/>
            <line number="31" hits="1" branch="false"/>
            <line number="35" hits="18" branch="false"/>
            <line number="38" hits="18" branch="false"/>
            <line number="43" hits="18" branch="false"/>
            <line number="55" hits="2" branch="false"/>
            <line number="68" hits="3" branch="false"/>
            <line number="70" hits="3" branch="true" condition-coverage="100% (2/2)"/>
            <line number="81" hits="7" branch="false"/>
            <line number="82" hits="7" branch="true" condition-coverage="100% (2/2)"/>
            <line number="83" hits="2" branch="true" condition-coverage="100% (2/2)"/>
            <line number="84" hits="1" branch="false"/>
            <line number="85" hits="5" branch="false"/>
            <line number="88" hits="1" branch="false"/>
            <line number="92" hits="5" branch="true" condition-coverage="100% (2/2)"/>
            <line number="93" hits="1" branch="false"/>
            <line number="94" hits="1" branch="false"/>
            <line number="95" hits="1" branch="false"/>
            <line number="98" hits="4" branch="false"/>
            <line number="101" hits="4" branch="false"/>
            <line number="102" hits="5" branch="false"/>
            <line number="103" hits="5" branch="false"/>
            <line number="104" hits="5" branch="false"/>
            <line number="105" hits="5" branch="false"/>
            <line number="107" hits="5" branch="false"/>
            <line number="116" hits="5" branch="true" condition-coverage="100% (4/4)"/>
            <line number="117" hits="1" branch="false"/>
            <line number="120" hits="4" branch="false"/>
            <line number="122" hits="4" branch="false"/>
            <line number="123" hits="4" branch="false"/>
            <line number="124" hits="4" branch="false"/>
            <line number="125" hits="4" branch="false"/>
            <line number="127" hits="4" branch="true" condition-coverage="100% (2/2)"/>
            <line number="128" hits="2" branch="false"/>
            <line number="129" hits="14" branch="false"/>
            <line number="131" hits="2" branch="false"/>
            <line number="132" hits="2" branch="false"/>
            <line number="135" hits="2" branch="false"/>
            <line number="137" hits="1" branch="false"/>
            <line number="138" hits="1" branch="false"/>
          </lines>
        </class>
        <class name="systemcontract.js" filename="lib/contract-spi/systemcontract.js" line-rate="1" branch-rate="1">
          <methods>
            <method name="(anonymous_0)" hits="27" signature="()V">
              <lines>
                <line number="18" hits="27"/>
              </lines>
            </method>
            <method name="(anonymous_1)" hits="25" signature="()V">
              <lines>
                <line number="26" hits="25"/>
              </lines>
            </method>
            <method name="(anonymous_2)" hits="1" signature="()V">
              <lines>
                <line number="33" hits="1"/>
              </lines>
            </method>
          </methods>
          <lines>
            <line number="8" hits="2" branch="false"/>
            <line number="19" hits="27" branch="false"/>
            <line number="27" hits="25" branch="false"/>
            <line number="34" hits="1" branch="false"/>
            <line number="39" hits="2" branch="false"/>
          </lines>
        </class>
      </classes>
    </package>
    <package name="fabric-shim.lib.utils" line-rate="1" branch-rate="1">
      <classes>
        <class name="statebased.js" filename="lib/utils/statebased.js" line-rate="1" branch-rate="1">
          <methods>
            <method name="(anonymous_0)" hits="15" signature="()V">
              <lines>
                <line number="28" hits="15"/>
              </lines>
            </method>
            <method name="(anonymous_1)" hits="2" signature="()V">
              <lines>
                <line number="40" hits="2"/>
              </lines>
            </method>
            <method name="(anonymous_2)" hits="13" signature="()V">
              <lines>
                <line number="51" hits="13"/>
              </lines>
            </method>
            <method name="(anonymous_3)" hits="23" signature="()V">
              <lines>
                <line number="64" hits="23"/>
              </lines>
            </method>
            <method name="(anonymous_4)" hits="2" signature="()V">
              <lines>
                <line number="74" hits="2"/>
              </lines>
            </method>
            <method name="(anonymous_5)" hits="3" signature="()V">
              <lines>
                <line number="75" hits="3"/>
              </lines>
            </method>
            <method name="(anonymous_6)" hits="4" signature="()V">
              <lines>
                <line number="84" hits="4"/>
              </lines>
            </method>
            <method name="(anonymous_7)" hits="3" signature="()V">
              <lines>
                <line number="93" hits="3"/>
              </lines>
            </method>
            <method name="(anonymous_8)" hits="10" signature="()V">
              <lines>
                <line number="95" hits="10"/>
              </lines>
            </method>
            <method name="(anonymous_9)" hits="4" signature="()V">
              <lines>
                <line number="110" hits="4"/>
              </lines>
            </method>
            <method name="(anonymous_10)" hits="13" signature="()V">
              <lines>
                <line number="114" hits="13"/>
              </lines>
            </method>
          </methods>
          <lines>
            <line number="7" hits="1" branch="false"/>
            <line number="9" hits="1" branch="false"/>
            <line number="10" hits="1" branch="false"/>
            <line number="29" hits="15" branch="false"/>
            <line number="30" hits="15" branch="true" condition-coverage="100% (2/2)"/>
            <line number="31" hits="2" branch="false"/>
            <line number="32" hits="2" branch="false"/>
            <line number="41" hits="2" branch="false"/>
            <line number="42" hits="2" branch="false"/>
            <line number="53" hits="13" branch="true" condition-coverage="100% (3/3)"/>
            <line number="55" hits="9" branch="false"/>
            <line number="56" hits="9" branch="false"/>
            <line number="58" hits="2" branch="false"/>
            <line number="59" hits="2" branch="false"/>
            <line number="61" hits="2" branch="false"/>
            <line number="64" hits="11" branch="false"/>
            <line number="65" hits="23" branch="false"/>
            <line number="75" hits="2" branch="false"/>
            <line number="76" hits="3" branch="false"/>
            <line number="85" hits="4" branch="false"/>
            <line number="95" hits="3" branch="false"/>
            <line number="98" hits="10" branch="true" condition-coverage="100% (1/1)"/>
            <line number="99" hits="10" branch="false"/>
            <line number="100" hits="10" branch="false"/>
            <line number="111" hits="4" branch="false"/>
            <line number="112" hits="4" branch="false"/>
            <line number="113" hits="4" branch="false"/>
            <line number="114" hits="4" branch="false"/>
            <line number="115" hits="13" branch="false"/>
            <line number="119" hits="13" branch="false"/>
            <line number="123" hits="13" branch="false"/>
            <line number="125" hits="13" branch="false"/>
            <line number="128" hits="13" branch="false"/>
            <line number="132" hits="4" branch="false"/>
            <line number="137" hits="4" branch="false"/>
            <line number="141" hits="4" branch="false"/>
            <line number="146" hits="4" branch="false"/>
            <line number="150" hits="1" branch="false"/>
          </lines>
        </class>
        <class name="utils.js" filename="lib/utils/utils.js" line-rate="1" branch-rate="1">
          <methods>
            <method name="(anonymous_0)" hits="36" signature="()V">
              <lines>
                <line number="1" hits="36"/>
              </lines>
            </method>
            <method name="shortTxID" hits="36" signature="()V">
              <lines>
                <line number="5" hits="36"/>
              </lines>
            </method>
          </methods>
          <lines>
            <line number="1" hits="1" branch="false"/>
            <line number="2" hits="36" branch="false"/>
            <line number="6" hits="36" branch="false"/>
          </lines>
        </class>
      </classes>
    </package>
  </packages>
</coverage>
